{
  stack: 'Error: Expected "payload" to be a plain object.\n' +
    '    at validate (/Users/nachorfs/Documents/Curso_backend_coderhouse_Ignacio_Tello/DecimoQuintaEntrega/node_modules/jsonwebtoken/sign.js:44:11)\n' +
    '    at validatePayload (/Users/nachorfs/Documents/Curso_backend_coderhouse_Ignacio_Tello/DecimoQuintaEntrega/node_modules/jsonwebtoken/sign.js:66:10)\n' +
    '    at module.exports [as sign] (/Users/nachorfs/Documents/Curso_backend_coderhouse_Ignacio_Tello/DecimoQuintaEntrega/node_modules/jsonwebtoken/sign.js:144:7)\n' +
    '    at recupero01 (file:///Users/nachorfs/Documents/Curso_backend_coderhouse_Ignacio_Tello/DecimoQuintaEntrega/src/controller/auth.controller.js:117:24)\n' +
    '    at Layer.handle [as handle_request] (/Users/nachorfs/Documents/Curso_backend_coderhouse_Ignacio_Tello/DecimoQuintaEntrega/node_modules/express/lib/router/layer.js:95:5)\n' +
    '    at next (/Users/nachorfs/Documents/Curso_backend_coderhouse_Ignacio_Tello/DecimoQuintaEntrega/node_modules/express/lib/router/route.js:149:13)\n' +
    '    at Route.dispatch (/Users/nachorfs/Documents/Curso_backend_coderhouse_Ignacio_Tello/DecimoQuintaEntrega/node_modules/express/lib/router/route.js:119:3)\n' +
    '    at Layer.handle [as handle_request] (/Users/nachorfs/Documents/Curso_backend_coderhouse_Ignacio_Tello/DecimoQuintaEntrega/node_modules/express/lib/router/layer.js:95:5)\n' +
    '    at /Users/nachorfs/Documents/Curso_backend_coderhouse_Ignacio_Tello/DecimoQuintaEntrega/node_modules/express/lib/router/index.js:284:15\n' +
    '    at Function.process_params (/Users/nachorfs/Documents/Curso_backend_coderhouse_Ignacio_Tello/DecimoQuintaEntrega/node_modules/express/lib/router/index.js:346:12)',
  level: 'error',
  message: 'Promesa no manejada: Expected "payload" to be a plain object.',
  timestamp: '2024-06-17T21:27:24.926Z'
}
{
  stack: 'TypeError: Cannot convert undefined or null to object\n' +
    '    at recupero01 (file:///Users/nachorfs/Documents/Curso_backend_coderhouse_Ignacio_Tello/DecimoQuintaEntrega/src/controller/auth.controller.js:116:8)\n' +
    '    at process.processTicksAndRejections (node:internal/process/task_queues:95:5)',
  level: 'error',
  message: 'Promesa no manejada: Cannot convert undefined or null to object',
  timestamp: '2024-06-17T21:35:24.772Z'
}
{
  stack: 'TypeError: req.next is not a function\n' +
    '    at done (/Users/nachorfs/Documents/Curso_backend_coderhouse_Ignacio_Tello/DecimoQuintaEntrega/node_modules/express/lib/response.js:1043:25)\n' +
    '    at ExpressHandlebars.<anonymous> (/Users/nachorfs/Documents/Curso_backend_coderhouse_Ignacio_Tello/DecimoQuintaEntrega/node_modules/express-handlebars/dist/express-handlebars.js:213:17)\n' +
    '    at Generator.next (<anonymous>)\n' +
    '    at fulfilled (/Users/nachorfs/Documents/Curso_backend_coderhouse_Ignacio_Tello/DecimoQuintaEntrega/node_modules/express-handlebars/dist/express-handlebars.js:10:58)',
  level: 'error',
  message: 'Promesa no manejada: req.next is not a function',
  timestamp: '2024-07-01T22:31:56.239Z'
}
